<?xml version="1.0" encoding="UTF-8" ?>
<testsuite tests="1" failures="0" name="com.briup.smart.env.client.GatherImplTest" time="0.027" errors="0" skipped="0">
  <properties>
    <property name="idea.version" value="2022.1"/>
    <property name="java.runtime.name" value="Java(TM) SE Runtime Environment"/>
    <property name="sun.boot.library.path" value="D:\JAVA-JDK8\jdk8\jdk\jre\bin"/>
    <property name="java.vm.version" value="25.74-b02"/>
    <property name="java.vm.vendor" value="Oracle Corporation"/>
    <property name="maven.multiModuleProjectDirectory" value="D:\JAVA-Project\briup\物联网数据中心\env-gather"/>
    <property name="java.vendor.url" value="http://java.oracle.com/"/>
    <property name="path.separator" value=";"/>
    <property name="guice.disable.misplaced.annotation.check" value="true"/>
    <property name="java.vm.name" value="Java HotSpot(TM) 64-Bit Server VM"/>
    <property name="file.encoding.pkg" value="sun.io"/>
    <property name="user.script" value=""/>
    <property name="user.country" value="CN"/>
    <property name="sun.java.launcher" value="SUN_STANDARD"/>
    <property name="sun.os.patch.level" value=""/>
    <property name="java.vm.specification.name" value="Java Virtual Machine Specification"/>
    <property name="user.dir" value="D:\JAVA-Project\briup\物联网数据中心\env-gather"/>
    <property name="java.runtime.version" value="1.8.0_74-b02"/>
    <property name="java.awt.graphicsenv" value="sun.awt.Win32GraphicsEnvironment"/>
    <property name="java.endorsed.dirs" value="D:\JAVA-JDK8\jdk8\jdk\jre\lib\endorsed"/>
    <property name="os.arch" value="amd64"/>
    <property name="java.io.tmpdir" value="C:\Users\12251\AppData\Local\Temp\"/>
    <property name="line.separator" value="
"/>
    <property name="java.vm.specification.vendor" value="Oracle Corporation"/>
    <property name="user.variant" value=""/>
    <property name="os.name" value="Windows 10"/>
    <property name="maven.ext.class.path" value="E:\Idea\ideaIU-2022.1.win\plugins\maven\lib\maven-event-listener.jar"/>
    <property name="classworlds.conf" value="E:\Java\DevelopmentTools\maven3.6.1\apache-maven-3.6.1\bin\m2.conf"/>
    <property name="sun.jnu.encoding" value="GBK"/>
    <property name="java.library.path" value="D:\JAVA-JDK8\jdk8\jdk\bin;C:\Windows\Sun\Java\bin;C:\Windows\system32;C:\Windows;D:\Briup\VMware\bin\;D:\JAVA-JDK8\jdk8\jdk\bin;D:\JAVA-JDK8\jdk8\jdk\jre\bin;C:\Windows\system32;C:\Windows;C:\Windows\System32\Wbem;C:\Windows\System32\WindowsPowerShell\v1.0\;C:\Windows\System32\OpenSSH\;C:\Program Files (x86)\NVIDIA Corporation\PhysX\Common;C:\Program Files\NVIDIA Corporation\NVIDIA NvDLISR;C:\Program Files\dotnet\;E:\Git\Git\cmd;D:\JAVA-JDK8\jdk8\jdk\jre;C:\Users\12251\AppData\Local\Microsoft\WindowsApps;E:\Java\DevelopmentTools\maven3.6.1\apache-maven-3.6.1\bin;E:\Java\DevelopmentTools\Maven\apache-maven-3.5.2\bin;E:\Java\Server\Tomcat\apache-tomcat-8.5.31-windows-64\apache-tomcat-8.5.31\bin;E:\mysql-5.7.36-winx64\bin;D:\JAVA-JDK8\jdk8\jdk\bin;D:\JAVA-JDK8\jdk8\jdk\jre;C:\Users\12251\AppData\Local\Microsoft\WindowsApps;E:\Java\DevelopmentTools\maven3.6.1\apache-maven-3.6.1\bin;E:\Java\DevelopmentTools\Maven\apache-maven-3.5.2\bin;E:\Java\Server\Tomcat\apache-tomcat-8.5.31-windows-64\apache-tomcat-8.5.31\bin;;."/>
    <property name="maven.conf" value="E:\Java\DevelopmentTools\maven3.6.1\apache-maven-3.6.1/conf"/>
    <property name="java.specification.name" value="Java Platform API Specification"/>
    <property name="java.class.version" value="52.0"/>
    <property name="sun.management.compiler" value="HotSpot 64-Bit Tiered Compilers"/>
    <property name="maven.repo.local" value="E:\Java\DevelopmentTools\maven3.6.1\apache-maven-3.6.1\repository"/>
    <property name="os.version" value="10.0"/>
    <property name="user.home" value="C:\Users\12251"/>
    <property name="user.timezone" value="Asia/Shanghai"/>
    <property name="java.awt.printerjob" value="sun.awt.windows.WPrinterJob"/>
    <property name="java.specification.version" value="1.8"/>
    <property name="file.encoding" value="UTF-8"/>
    <property name="user.name" value="靳雪超"/>
    <property name="java.class.path" value="E:\Java\DevelopmentTools\maven3.6.1\apache-maven-3.6.1\boot\plexus-classworlds-2.6.0.jar;E:\Idea\ideaIU-2022.1.win\lib\idea_rt.jar"/>
    <property name="java.vm.specification.version" value="1.8"/>
    <property name="sun.arch.data.model" value="64"/>
    <property name="java.home" value="D:\JAVA-JDK8\jdk8\jdk\jre"/>
    <property name="sun.java.command" value="org.codehaus.classworlds.Launcher -Didea.version=2022.1 -s E:\Java\DevelopmentTools\maven3.6.1\apache-maven-3.6.1\conf\settings.xml -Dmaven.repo.local=E:\Java\DevelopmentTools\maven3.6.1\apache-maven-3.6.1\repository install"/>
    <property name="java.specification.vendor" value="Oracle Corporation"/>
    <property name="user.language" value="zh"/>
    <property name="awt.toolkit" value="sun.awt.windows.WToolkit"/>
    <property name="java.vm.info" value="mixed mode"/>
    <property name="java.version" value="1.8.0_74"/>
    <property name="java.ext.dirs" value="D:\JAVA-JDK8\jdk8\jdk\jre\lib\ext;C:\Windows\Sun\Java\lib\ext"/>
    <property name="sun.boot.class.path" value="D:\JAVA-JDK8\jdk8\jdk\jre\lib\resources.jar;D:\JAVA-JDK8\jdk8\jdk\jre\lib\rt.jar;D:\JAVA-JDK8\jdk8\jdk\jre\lib\sunrsasign.jar;D:\JAVA-JDK8\jdk8\jdk\jre\lib\jsse.jar;D:\JAVA-JDK8\jdk8\jdk\jre\lib\jce.jar;D:\JAVA-JDK8\jdk8\jdk\jre\lib\charsets.jar;D:\JAVA-JDK8\jdk8\jdk\jre\lib\jfr.jar;D:\JAVA-JDK8\jdk8\jdk\jre\classes"/>
    <property name="java.vendor" value="Oracle Corporation"/>
    <property name="maven.home" value="E:\Java\DevelopmentTools\maven3.6.1\apache-maven-3.6.1"/>
    <property name="file.separator" value="\"/>
    <property name="java.vendor.url.bug" value="http://bugreport.sun.com/bugreport/"/>
    <property name="sun.cpu.endian" value="little"/>
    <property name="sun.io.unicode.encoding" value="UnicodeLittle"/>
    <property name="sun.desktop" value="windows"/>
    <property name="sun.cpu.isalist" value="amd64"/>
  </properties>
  <testcase classname="com.briup.smart.env.client.GatherImplTest" name="testGather" time="0.027"/>
</testsuite>