<?xml version="1.0" encoding="UTF-8" ?>
<testsuite tests="1" failures="0" name="com.briup.smart.env.client.ClientImplTest" time="2.055" errors="1" skipped="0">
  <properties>
    <property name="idea.version" value="2022.1"/>
    <property name="java.runtime.name" value="Java(TM) SE Runtime Environment"/>
    <property name="sun.boot.library.path" value="D:\JAVA-JDK8\jdk8\jdk\jre\bin"/>
    <property name="java.vm.version" value="25.74-b02"/>
    <property name="java.vm.vendor" value="Oracle Corporation"/>
    <property name="maven.multiModuleProjectDirectory" value="D:\JAVA-Project\briup\物联网数据中心\env-gather"/>
    <property name="java.vendor.url" value="http://java.oracle.com/"/>
    <property name="path.separator" value=";"/>
    <property name="guice.disable.misplaced.annotation.check" value="true"/>
    <property name="java.vm.name" value="Java HotSpot(TM) 64-Bit Server VM"/>
    <property name="file.encoding.pkg" value="sun.io"/>
    <property name="user.script" value=""/>
    <property name="user.country" value="CN"/>
    <property name="sun.java.launcher" value="SUN_STANDARD"/>
    <property name="sun.os.patch.level" value=""/>
    <property name="java.vm.specification.name" value="Java Virtual Machine Specification"/>
    <property name="user.dir" value="D:\JAVA-Project\briup\物联网数据中心\env-gather"/>
    <property name="java.runtime.version" value="1.8.0_74-b02"/>
    <property name="java.awt.graphicsenv" value="sun.awt.Win32GraphicsEnvironment"/>
    <property name="java.endorsed.dirs" value="D:\JAVA-JDK8\jdk8\jdk\jre\lib\endorsed"/>
    <property name="os.arch" value="amd64"/>
    <property name="java.io.tmpdir" value="C:\Users\12251\AppData\Local\Temp\"/>
    <property name="line.separator" value="
"/>
    <property name="java.vm.specification.vendor" value="Oracle Corporation"/>
    <property name="user.variant" value=""/>
    <property name="os.name" value="Windows 10"/>
    <property name="maven.ext.class.path" value="E:\Idea\ideaIU-2022.1.win\plugins\maven\lib\maven-event-listener.jar"/>
    <property name="classworlds.conf" value="E:\Java\DevelopmentTools\maven3.6.1\apache-maven-3.6.1\bin\m2.conf"/>
    <property name="sun.jnu.encoding" value="GBK"/>
    <property name="java.library.path" value="D:\JAVA-JDK8\jdk8\jdk\bin;C:\Windows\Sun\Java\bin;C:\Windows\system32;C:\Windows;D:\Briup\VMware\bin\;D:\JAVA-JDK8\jdk8\jdk\bin;D:\JAVA-JDK8\jdk8\jdk\jre\bin;C:\Windows\system32;C:\Windows;C:\Windows\System32\Wbem;C:\Windows\System32\WindowsPowerShell\v1.0\;C:\Windows\System32\OpenSSH\;C:\Program Files (x86)\NVIDIA Corporation\PhysX\Common;C:\Program Files\NVIDIA Corporation\NVIDIA NvDLISR;C:\Program Files\dotnet\;E:\Git\Git\cmd;D:\JAVA-JDK8\jdk8\jdk\jre;C:\Users\12251\AppData\Local\Microsoft\WindowsApps;E:\Java\DevelopmentTools\maven3.6.1\apache-maven-3.6.1\bin;E:\Java\DevelopmentTools\Maven\apache-maven-3.5.2\bin;E:\Java\Server\Tomcat\apache-tomcat-8.5.31-windows-64\apache-tomcat-8.5.31\bin;E:\mysql-5.7.36-winx64\bin;D:\JAVA-JDK8\jdk8\jdk\bin;D:\JAVA-JDK8\jdk8\jdk\jre;C:\Users\12251\AppData\Local\Microsoft\WindowsApps;E:\Java\DevelopmentTools\maven3.6.1\apache-maven-3.6.1\bin;E:\Java\DevelopmentTools\Maven\apache-maven-3.5.2\bin;E:\Java\Server\Tomcat\apache-tomcat-8.5.31-windows-64\apache-tomcat-8.5.31\bin;;."/>
    <property name="maven.conf" value="E:\Java\DevelopmentTools\maven3.6.1\apache-maven-3.6.1/conf"/>
    <property name="java.specification.name" value="Java Platform API Specification"/>
    <property name="java.class.version" value="52.0"/>
    <property name="sun.management.compiler" value="HotSpot 64-Bit Tiered Compilers"/>
    <property name="maven.repo.local" value="E:\Java\DevelopmentTools\maven3.6.1\apache-maven-3.6.1\repository"/>
    <property name="os.version" value="10.0"/>
    <property name="user.home" value="C:\Users\12251"/>
    <property name="user.timezone" value="Asia/Shanghai"/>
    <property name="java.awt.printerjob" value="sun.awt.windows.WPrinterJob"/>
    <property name="java.specification.version" value="1.8"/>
    <property name="file.encoding" value="UTF-8"/>
    <property name="user.name" value="靳雪超"/>
    <property name="java.class.path" value="E:\Java\DevelopmentTools\maven3.6.1\apache-maven-3.6.1\boot\plexus-classworlds-2.6.0.jar;E:\Idea\ideaIU-2022.1.win\lib\idea_rt.jar"/>
    <property name="java.vm.specification.version" value="1.8"/>
    <property name="sun.arch.data.model" value="64"/>
    <property name="java.home" value="D:\JAVA-JDK8\jdk8\jdk\jre"/>
    <property name="sun.java.command" value="org.codehaus.classworlds.Launcher -Didea.version=2022.1 -s E:\Java\DevelopmentTools\maven3.6.1\apache-maven-3.6.1\conf\settings.xml -Dmaven.repo.local=E:\Java\DevelopmentTools\maven3.6.1\apache-maven-3.6.1\repository install"/>
    <property name="java.specification.vendor" value="Oracle Corporation"/>
    <property name="user.language" value="zh"/>
    <property name="awt.toolkit" value="sun.awt.windows.WToolkit"/>
    <property name="java.vm.info" value="mixed mode"/>
    <property name="java.version" value="1.8.0_74"/>
    <property name="java.ext.dirs" value="D:\JAVA-JDK8\jdk8\jdk\jre\lib\ext;C:\Windows\Sun\Java\lib\ext"/>
    <property name="sun.boot.class.path" value="D:\JAVA-JDK8\jdk8\jdk\jre\lib\resources.jar;D:\JAVA-JDK8\jdk8\jdk\jre\lib\rt.jar;D:\JAVA-JDK8\jdk8\jdk\jre\lib\sunrsasign.jar;D:\JAVA-JDK8\jdk8\jdk\jre\lib\jsse.jar;D:\JAVA-JDK8\jdk8\jdk\jre\lib\jce.jar;D:\JAVA-JDK8\jdk8\jdk\jre\lib\charsets.jar;D:\JAVA-JDK8\jdk8\jdk\jre\lib\jfr.jar;D:\JAVA-JDK8\jdk8\jdk\jre\classes"/>
    <property name="java.vendor" value="Oracle Corporation"/>
    <property name="maven.home" value="E:\Java\DevelopmentTools\maven3.6.1\apache-maven-3.6.1"/>
    <property name="file.separator" value="\"/>
    <property name="java.vendor.url.bug" value="http://bugreport.sun.com/bugreport/"/>
    <property name="sun.cpu.endian" value="little"/>
    <property name="sun.io.unicode.encoding" value="UnicodeLittle"/>
    <property name="sun.desktop" value="windows"/>
    <property name="sun.cpu.isalist" value="amd64"/>
  </properties>
  <testcase classname="com.briup.smart.env.client.ClientImplTest" name="testSend" time="2.055">
    <error message="Connection refused: connect" type="java.net.ConnectException">java.net.ConnectException: Connection refused: connect
	at java.net.DualStackPlainSocketImpl.connect0(Native Method)
	at java.net.DualStackPlainSocketImpl.socketConnect(DualStackPlainSocketImpl.java:79)
	at java.net.AbstractPlainSocketImpl.doConnect(AbstractPlainSocketImpl.java:350)
	at java.net.AbstractPlainSocketImpl.connectToAddress(AbstractPlainSocketImpl.java:206)
	at java.net.AbstractPlainSocketImpl.connect(AbstractPlainSocketImpl.java:188)
	at java.net.PlainSocketImpl.connect(PlainSocketImpl.java:172)
	at java.net.SocksSocketImpl.connect(SocksSocketImpl.java:392)
	at java.net.Socket.connect(Socket.java:589)
	at java.net.Socket.connect(Socket.java:538)
	at java.net.Socket.&lt;init&gt;(Socket.java:434)
	at java.net.Socket.&lt;init&gt;(Socket.java:211)
	at com.briup.smart.env.client.ClientImpl.send(ClientImpl.java:20)
	at com.briup.smart.env.client.ClientImplTest.testSend(ClientImplTest.java:19)
	at sun.reflect.NativeMethodAccessorImpl.invoke0(Native Method)
	at sun.reflect.NativeMethodAccessorImpl.invoke(NativeMethodAccessorImpl.java:62)
	at sun.reflect.DelegatingMethodAccessorImpl.invoke(DelegatingMethodAccessorImpl.java:43)
	at java.lang.reflect.Method.invoke(Method.java:498)
	at org.junit.runners.model.FrameworkMethod$1.runReflectiveCall(FrameworkMethod.java:59)
	at org.junit.internal.runners.model.ReflectiveCallable.run(ReflectiveCallable.java:12)
	at org.junit.runners.model.FrameworkMethod.invokeExplosively(FrameworkMethod.java:56)
	at org.junit.internal.runners.statements.InvokeMethod.evaluate(InvokeMethod.java:17)
	at org.junit.runners.ParentRunner$3.evaluate(ParentRunner.java:306)
	at org.junit.runners.BlockJUnit4ClassRunner$1.evaluate(BlockJUnit4ClassRunner.java:100)
	at org.junit.runners.ParentRunner.runLeaf(ParentRunner.java:366)
	at org.junit.runners.BlockJUnit4ClassRunner.runChild(BlockJUnit4ClassRunner.java:103)
	at org.junit.runners.BlockJUnit4ClassRunner.runChild(BlockJUnit4ClassRunner.java:63)
	at org.junit.runners.ParentRunner$4.run(ParentRunner.java:331)
	at org.junit.runners.ParentRunner$1.schedule(ParentRunner.java:79)
	at org.junit.runners.ParentRunner.runChildren(ParentRunner.java:329)
	at org.junit.runners.ParentRunner.access$100(ParentRunner.java:66)
	at org.junit.runners.ParentRunner$2.evaluate(ParentRunner.java:293)
	at org.junit.runners.ParentRunner$3.evaluate(ParentRunner.java:306)
	at org.junit.runners.ParentRunner.run(ParentRunner.java:413)
	at org.apache.maven.surefire.junit4.JUnit4Provider.execute(JUnit4Provider.java:252)
	at org.apache.maven.surefire.junit4.JUnit4Provider.executeTestSet(JUnit4Provider.java:141)
	at org.apache.maven.surefire.junit4.JUnit4Provider.invoke(JUnit4Provider.java:112)
	at sun.reflect.NativeMethodAccessorImpl.invoke0(Native Method)
	at sun.reflect.NativeMethodAccessorImpl.invoke(NativeMethodAccessorImpl.java:62)
	at sun.reflect.DelegatingMethodAccessorImpl.invoke(DelegatingMethodAccessorImpl.java:43)
	at java.lang.reflect.Method.invoke(Method.java:498)
	at org.apache.maven.surefire.util.ReflectionUtils.invokeMethodWithArray(ReflectionUtils.java:189)
	at org.apache.maven.surefire.booter.ProviderFactory$ProviderProxy.invoke(ProviderFactory.java:165)
	at org.apache.maven.surefire.booter.ProviderFactory.invokeProvider(ProviderFactory.java:85)
	at org.apache.maven.surefire.booter.ForkedBooter.runSuitesInProcess(ForkedBooter.java:115)
	at org.apache.maven.surefire.booter.ForkedBooter.main(ForkedBooter.java:75)
</error>
  </testcase>
</testsuite>